    1  apt update && apt install -y docker.io
    2  sudo systemctl enable --now docker
    3  docker --version
    4  sudo systemctl status docker
    5  docker run -it --name q5_python ubuntu:latest /bin/bash
    6  docker run -it --name q5_python -v /var/run/docker.sock:/var/run/docker.sock -v /usr/bin/docker:/usr/bin/docker ubuntu:latest /bin/bash
    7  docker run --privileged -d --name dind_container docker:dind
    8  exit
    9  apt update && apt install -y nano
   10  apt install -y python3 python3-pip
   11  exit
   12  python3 /plant.py
   13  pip install matplotlib
   14  apt update && apt install -y python3-pip
   15  pip install matplotlib
   16  python3 -c "import matplotlib; print(matplotlib.__version__)"
   17  python3 -m venv venv
   18  source venv/bin/activate
   19  pip install matplotlib
   20  apt update && apt install -y python3-matplotlib
   21  Setting up libjs-jquery-ui (1.13.2+dfsg-1) ...                                                                    
   22  Setting up python3-pyparsing (3.1.1-1) ...                                                                        
   23  Setting up python3-brotli (1.1.0-2build2) ...                                                     
   24  python3 -c "import matplotlib; print(matplotlib.__version__)"
   25  python3 /plant.py
   26  apt install -y imagemagick
   27  convert +append *.png combined.png
   28  ls -l combined.png
   29  docker ps
   30  history > docker_history.log
